<?xml version="1.0" encoding="UTF-8"?>
<!-- Generated by org.testng.reporters.JUnitReportReporter -->
<testsuite hostname="shubhams-MacBook-Pro.local" failures="0" tests="1" name="SeleniumTests.Selenium_ShadowDom" time="1.870" errors="0" timestamp="19 Mar 2024 14:51:17 GMT" skipped="0">
  <testcase classname="SeleniumTests.Selenium_ShadowDom" name="testShadowDom" time="1.870"/>
</testsuite> <!-- SeleniumTests.Selenium_ShadowDom -->
