<?xml version="1.0" encoding="UTF-8"?>
<!-- Generated by org.testng.reporters.JUnitReportReporter -->
<testsuite hostname="shubhams-MacBook-Pro.local" failures="0" tests="2" name="SeleniumTests.Selenium_Groups" time="0.007" errors="0" timestamp="11 Mar 2024 05:50:16 GMT" skipped="0">
  <testcase classname="SeleniumTests.Selenium_Groups" name="testRegression" time="0.006"/>
  <testcase classname="SeleniumTests.Selenium_Groups" name="testRegression_Sanity" time="0.001"/>
</testsuite> <!-- SeleniumTests.Selenium_Groups -->
