<?xml version="1.0" encoding="UTF-8"?>
<!-- Generated by org.testng.reporters.JUnitReportReporter -->
<testsuite hostname="shubhams-MacBook-Pro.local" failures="0" tests="3" name="SeleniumTests.Selenium_Reload" time="16.013" errors="0" timestamp="11 Mar 2024 05:01:06 GMT" skipped="0">
  <testcase classname="SeleniumTests.Selenium_Reload" name="reloadBrowserTestUsingSendKeys" time="5.618"/>
  <testcase classname="SeleniumTests.Selenium_Reload" name="reloadBrowserTestUsingGetCurrentURL" time="4.783"/>
  <testcase classname="SeleniumTests.Selenium_Reload" name="reloadBrowserTestUsingRefresh" time="5.612"/>
</testsuite> <!-- SeleniumTests.Selenium_Reload -->
