<?xml version="1.0" encoding="UTF-8"?>
<!-- Generated by org.testng.reporters.JUnitReportReporter -->
<testsuite hostname="shubhams-MacBook-Pro.local" failures="0" tests="2" name="SeleniumTests.Selenium_Iframe" time="13.924" errors="0" timestamp="11 Mar 2024 05:01:06 GMT" skipped="0">
  <testcase classname="SeleniumTests.Selenium_Iframe" name="iframeTestOne" time="6.114"/>
  <testcase classname="SeleniumTests.Selenium_Iframe" name="iframeTestTwo" time="7.810"/>
</testsuite> <!-- SeleniumTests.Selenium_Iframe -->
