<?xml version="1.0" encoding="UTF-8"?>
<!-- Generated by org.testng.reporters.JUnitReportReporter -->
<testsuite hostname="shubhams-MacBook-Pro.local" failures="0" tests="1" name="SeleniumTests.Selenium_Checkbox" time="6.265" errors="0" timestamp="07 Mar 2024 07:14:08 GMT" skipped="0">
  <testcase classname="SeleniumTests.Selenium_Checkbox" name="checkboxTest" time="6.265"/>
</testsuite> <!-- SeleniumTests.Selenium_Checkbox -->
