<?xml version="1.0" encoding="UTF-8"?>
<!-- Generated by org.testng.reporters.JUnitReportReporter -->
<testsuite hostname="shubhams-MacBook-Pro.local" failures="0" tests="3" name="SeleniumTests.SeleniumAlerts" time="17.082" errors="0" timestamp="11 Mar 2024 05:01:06 GMT" skipped="0">
  <testcase classname="SeleniumTests.SeleniumAlerts" name="alertTest" time="5.565"/>
  <testcase classname="SeleniumTests.SeleniumAlerts" name="customModalTest" time="6.077"/>
  <testcase classname="SeleniumTests.SeleniumAlerts" name="confirmTest" time="5.440"/>
</testsuite> <!-- SeleniumTests.SeleniumAlerts -->
