<?xml version="1.0" encoding="UTF-8"?>
<!-- Generated by org.testng.reporters.JUnitReportReporter -->
<testsuite hostname="shubhams-MacBook-Pro.local" failures="0" tests="1" name="SeleniumTests.Selenium_Iframe" time="85.025" errors="0" timestamp="05 Apr 2024 06:52:35 GMT" skipped="0">
  <testcase classname="SeleniumTests.Selenium_Iframe" name="iframeTestTwo" time="85.025"/>
</testsuite> <!-- SeleniumTests.Selenium_Iframe -->
