<?xml version="1.0" encoding="UTF-8"?>
<!-- Generated by org.testng.reporters.JUnitReportReporter -->
<testsuite hostname="shubhams-MacBook-Pro.local" failures="0" tests="1" name="SeleniumTests.ExplicitWait" time="9.396" errors="0" timestamp="11 Mar 2024 05:01:06 GMT" skipped="0">
  <testcase classname="SeleniumTests.ExplicitWait" name="explicitWait" time="9.396"/>
</testsuite> <!-- SeleniumTests.ExplicitWait -->
