<?xml version="1.0" encoding="UTF-8"?>
<!-- Generated by org.testng.reporters.JUnitReportReporter -->
<testsuite hostname="shubhams-MacBook-Pro.local" failures="0" tests="1" name="SeleniumTests.Selenium_UploadFile" time="5.621" errors="0" timestamp="11 Mar 2024 05:01:06 GMT" skipped="0">
  <testcase classname="SeleniumTests.Selenium_UploadFile" name="fileUploadTest" time="5.621"/>
</testsuite> <!-- SeleniumTests.Selenium_UploadFile -->
