<?xml version="1.0" encoding="UTF-8"?>
<!-- Generated by org.testng.reporters.JUnitReportReporter -->
<testsuite hostname="shubhams-MacBook-Pro.local" failures="0" tests="1" name="SeleniumTests.EventsUsingActionClass" time="3.616" errors="0" timestamp="05 Apr 2024 06:17:47 GMT" skipped="0">
  <testcase classname="SeleniumTests.EventsUsingActionClass" name="doubleClick" time="3.616"/>
</testsuite> <!-- SeleniumTests.EventsUsingActionClass -->
