<?xml version="1.0" encoding="UTF-8"?>
<!-- Generated by org.testng.reporters.JUnitReportReporter -->
<testsuite hostname="shubhams-MacBook-Pro.local" failures="0" tests="3" name="SeleniumTests.Selenium_Checkbox_Dropdown" time="19.230" errors="0" timestamp="11 Mar 2024 05:01:06 GMT" skipped="0">
  <testcase classname="SeleniumTests.Selenium_Checkbox_Dropdown" name="radioButtonTest" time="6.357"/>
  <testcase classname="SeleniumTests.Selenium_Checkbox_Dropdown" name="dropdownTest" time="6.465"/>
  <testcase classname="SeleniumTests.Selenium_Checkbox_Dropdown" name="checkboxTest" time="6.408"/>
</testsuite> <!-- SeleniumTests.Selenium_Checkbox_Dropdown -->
