<?xml version="1.0" encoding="UTF-8"?>
<!-- Generated by org.testng.reporters.JUnitReportReporter -->
<testsuite hostname="shubhams-MacBook-Pro.local" failures="0" tests="5" name="SeleniumTests.AssertionTest" time="0.012" errors="0" timestamp="13 Mar 2024 08:32:55 GMT" skipped="0">
  <testcase classname="SeleniumTests.AssertionTest" name="testtwo" time="0.007"/>
  <testcase classname="SeleniumTests.AssertionTest" name="testfive" time="0.002"/>
  <testcase classname="SeleniumTests.AssertionTest" name="testone" time="0.001"/>
  <testcase classname="SeleniumTests.AssertionTest" name="testthree" time="0.001"/>
  <testcase classname="SeleniumTests.AssertionTest" name="testfour" time="0.001"/>
</testsuite> <!-- SeleniumTests.AssertionTest -->
